<?xml version="1.0" encoding="UTF-8"?>
<!-- Generated by org.testng.reporters.JUnitReportReporter -->
<testsuite hostname="LAPTOP-G93O00BF" failures="0" tests="1" name="test.ZerodhaLoginPageTest" time="7.586" errors="0" timestamp="2022-07-06T17:57:34 IST" skipped="0">
  <testcase classname="test.ZerodhaLoginPageTest" name="loginTest" time="7.586"/>
  <system-out/>
</testsuite> <!-- test.ZerodhaLoginPageTest -->
