<?xml version="1.0" encoding="UTF-8"?>
<!-- Generated by org.testng.reporters.JUnitReportReporter -->
<testsuite hostname="LAPTOP-G93O00BF" failures="0" tests="5" name="test.ZerodhaSearchAndViewLiistTest" time="9.760" errors="0" timestamp="2022-07-08T20:01:31 IST" skipped="4">
  <testcase classname="test.ZerodhaSearchAndViewLiistTest" name="stockPriceOnPage" time="9.760"/>
  <system-out/>
  <testcase classname="test.ZerodhaSearchAndViewLiistTest" name="searchAndViewListTest">
    <skipped/>
  </testcase> <!-- searchAndViewListTest -->
  <system-out/>
  <testcase classname="test.ZerodhaSearchAndViewLiistTest" name="clickOnListAndSearch">
    <skipped/>
  </testcase> <!-- clickOnListAndSearch -->
  <system-out/>
  <testcase classname="test.ZerodhaSearchAndViewLiistTest" name="actionOnDefaultStock">
    <skipped/>
  </testcase> <!-- actionOnDefaultStock -->
  <system-out/>
  <testcase classname="test.ZerodhaSearchAndViewLiistTest" name="searchStockByThreeWords">
    <skipped/>
  </testcase> <!-- searchStockByThreeWords -->
  <system-out/>
</testsuite> <!-- test.ZerodhaSearchAndViewLiistTest -->
