<?xml version="1.0" encoding="UTF-8"?>
<!-- Generated by org.testng.reporters.JUnitReportReporter -->
<testsuite hostname="LAPTOP-G93O00BF" failures="0" tests="1" name="test.ZerodhaHomePageTest" time="8.688" errors="0" timestamp="2022-07-07T19:33:48 IST" skipped="0">
  <testcase classname="test.ZerodhaHomePageTest" name="ordersModelTest" time="8.688"/>
  <system-out/>
</testsuite> <!-- test.ZerodhaHomePageTest -->
