<?xml version="1.0" encoding="UTF-8"?>
<!-- Generated by org.testng.reporters.JUnitReportReporter -->
<testsuite hostname="LAPTOP-G93O00BF" failures="0" tests="1" name="test.ZerodhaSignUpPageTest" time="5.569" errors="0" timestamp="2022-06-24T13:20:07 IST" skipped="0">
  <testcase classname="test.ZerodhaSignUpPageTest" name="signUpTest" time="5.569"/>
  <system-out/>
</testsuite> <!-- test.ZerodhaSignUpPageTest -->
